<?xml version="1.0" encoding="UTF-8"?>
<testsuite xmlns:xsi="http://www.w3.org/2001/XMLSchema-instance" xsi:noNamespaceSchemaLocation="https://maven.apache.org/surefire/maven-surefire-plugin/xsd/surefire-test-report.xsd" name="com.gjh.SpringbootdemoApplicationTests" time="29.997" tests="1" errors="0" skipped="0" failures="0">
  <properties>
    <property name="sun.desktop" value="windows"/>
    <property name="awt.toolkit" value="sun.awt.windows.WToolkit"/>
    <property name="file.encoding.pkg" value="sun.io"/>
    <property name="java.specification.version" value="1.8"/>
    <property name="sun.cpu.isalist" value="amd64"/>
    <property name="sun.jnu.encoding" value="GBK"/>
    <property name="java.class.path" value="E:\IDEA 2017.2.5\springbootdemo\target\test-classes;E:\IDEA 2017.2.5\springbootdemo\target\classes;E:\ideamaven\org\springframework\boot\spring-boot-starter-tomcat\2.2.1.RELEASE\spring-boot-starter-tomcat-2.2.1.RELEASE.jar;E:\ideamaven\jakarta\annotation\jakarta.annotation-api\1.3.5\jakarta.annotation-api-1.3.5.jar;E:\ideamaven\org\apache\tomcat\embed\tomcat-embed-core\9.0.27\tomcat-embed-core-9.0.27.jar;E:\ideamaven\org\apache\tomcat\embed\tomcat-embed-el\9.0.27\tomcat-embed-el-9.0.27.jar;E:\ideamaven\org\apache\tomcat\embed\tomcat-embed-websocket\9.0.27\tomcat-embed-websocket-9.0.27.jar;E:\ideamaven\org\springframework\boot\spring-boot-starter-data-jpa\2.2.1.RELEASE\spring-boot-starter-data-jpa-2.2.1.RELEASE.jar;E:\ideamaven\org\springframework\boot\spring-boot-starter-jdbc\2.2.1.RELEASE\spring-boot-starter-jdbc-2.2.1.RELEASE.jar;E:\ideamaven\com\zaxxer\HikariCP\3.4.1\HikariCP-3.4.1.jar;E:\ideamaven\org\springframework\spring-jdbc\5.2.1.RELEASE\spring-jdbc-5.2.1.RELEASE.jar;E:\ideamaven\jakarta\activation\jakarta.activation-api\1.2.1\jakarta.activation-api-1.2.1.jar;E:\ideamaven\jakarta\persistence\jakarta.persistence-api\2.2.3\jakarta.persistence-api-2.2.3.jar;E:\ideamaven\jakarta\transaction\jakarta.transaction-api\1.3.3\jakarta.transaction-api-1.3.3.jar;E:\ideamaven\org\hibernate\hibernate-core\5.4.8.Final\hibernate-core-5.4.8.Final.jar;E:\ideamaven\org\jboss\logging\jboss-logging\3.4.1.Final\jboss-logging-3.4.1.Final.jar;E:\ideamaven\org\javassist\javassist\3.24.0-GA\javassist-3.24.0-GA.jar;E:\ideamaven\net\bytebuddy\byte-buddy\1.10.2\byte-buddy-1.10.2.jar;E:\ideamaven\antlr\antlr\2.7.7\antlr-2.7.7.jar;E:\ideamaven\org\jboss\jandex\2.0.5.Final\jandex-2.0.5.Final.jar;E:\ideamaven\com\fasterxml\classmate\1.5.1\classmate-1.5.1.jar;E:\ideamaven\org\dom4j\dom4j\2.1.1\dom4j-2.1.1.jar;E:\ideamaven\org\hibernate\common\hibernate-commons-annotations\5.1.0.Final\hibernate-commons-annotations-5.1.0.Final.jar;E:\ideamaven\org\glassfish\jaxb\jaxb-runtime\2.3.2\jaxb-runtime-2.3.2.jar;E:\ideamaven\org\glassfish\jaxb\txw2\2.3.2\txw2-2.3.2.jar;E:\ideamaven\com\sun\istack\istack-commons-runtime\3.0.8\istack-commons-runtime-3.0.8.jar;E:\ideamaven\org\jvnet\staxex\stax-ex\1.8.1\stax-ex-1.8.1.jar;E:\ideamaven\com\sun\xml\fastinfoset\FastInfoset\1.2.16\FastInfoset-1.2.16.jar;E:\ideamaven\org\springframework\data\spring-data-jpa\2.2.1.RELEASE\spring-data-jpa-2.2.1.RELEASE.jar;E:\ideamaven\org\springframework\data\spring-data-commons\2.2.1.RELEASE\spring-data-commons-2.2.1.RELEASE.jar;E:\ideamaven\org\springframework\spring-orm\5.2.1.RELEASE\spring-orm-5.2.1.RELEASE.jar;E:\ideamaven\org\springframework\spring-context\5.2.1.RELEASE\spring-context-5.2.1.RELEASE.jar;E:\ideamaven\org\springframework\spring-tx\5.2.1.RELEASE\spring-tx-5.2.1.RELEASE.jar;E:\ideamaven\org\springframework\spring-beans\5.2.1.RELEASE\spring-beans-5.2.1.RELEASE.jar;E:\ideamaven\org\slf4j\slf4j-api\1.7.29\slf4j-api-1.7.29.jar;E:\ideamaven\org\springframework\spring-aspects\5.2.1.RELEASE\spring-aspects-5.2.1.RELEASE.jar;E:\ideamaven\org\springframework\boot\spring-boot-starter-data-redis\2.2.1.RELEASE\spring-boot-starter-data-redis-2.2.1.RELEASE.jar;E:\ideamaven\org\springframework\boot\spring-boot-starter\2.2.1.RELEASE\spring-boot-starter-2.2.1.RELEASE.jar;E:\ideamaven\org\springframework\boot\spring-boot\2.2.1.RELEASE\spring-boot-2.2.1.RELEASE.jar;E:\ideamaven\org\springframework\boot\spring-boot-autoconfigure\2.2.1.RELEASE\spring-boot-autoconfigure-2.2.1.RELEASE.jar;E:\ideamaven\org\springframework\boot\spring-boot-starter-logging\2.2.1.RELEASE\spring-boot-starter-logging-2.2.1.RELEASE.jar;E:\ideamaven\ch\qos\logback\logback-classic\1.2.3\logback-classic-1.2.3.jar;E:\ideamaven\ch\qos\logback\logback-core\1.2.3\logback-core-1.2.3.jar;E:\ideamaven\org\apache\logging\log4j\log4j-to-slf4j\2.12.1\log4j-to-slf4j-2.12.1.jar;E:\ideamaven\org\apache\logging\log4j\log4j-api\2.12.1\log4j-api-2.12.1.jar;E:\ideamaven\org\slf4j\jul-to-slf4j\1.7.29\jul-to-slf4j-1.7.29.jar;E:\ideamaven\org\yaml\snakeyaml\1.25\snakeyaml-1.25.jar;E:\ideamaven\org\springframework\data\spring-data-redis\2.2.1.RELEASE\spring-data-redis-2.2.1.RELEASE.jar;E:\ideamaven\org\springframework\data\spring-data-keyvalue\2.2.1.RELEASE\spring-data-keyvalue-2.2.1.RELEASE.jar;E:\ideamaven\org\springframework\spring-oxm\5.2.1.RELEASE\spring-oxm-5.2.1.RELEASE.jar;E:\ideamaven\org\springframework\spring-context-support\5.2.1.RELEASE\spring-context-support-5.2.1.RELEASE.jar;E:\ideamaven\io\lettuce\lettuce-core\5.2.1.RELEASE\lettuce-core-5.2.1.RELEASE.jar;E:\ideamaven\io\netty\netty-common\4.1.43.Final\netty-common-4.1.43.Final.jar;E:\ideamaven\io\netty\netty-handler\4.1.43.Final\netty-handler-4.1.43.Final.jar;E:\ideamaven\io\netty\netty-buffer\4.1.43.Final\netty-buffer-4.1.43.Final.jar;E:\ideamaven\io\netty\netty-codec\4.1.43.Final\netty-codec-4.1.43.Final.jar;E:\ideamaven\io\netty\netty-transport\4.1.43.Final\netty-transport-4.1.43.Final.jar;E:\ideamaven\io\netty\netty-resolver\4.1.43.Final\netty-resolver-4.1.43.Final.jar;E:\ideamaven\io\projectreactor\reactor-core\3.3.0.RELEASE\reactor-core-3.3.0.RELEASE.jar;E:\ideamaven\org\reactivestreams\reactive-streams\1.0.3\reactive-streams-1.0.3.jar;E:\ideamaven\org\springframework\boot\spring-boot-starter-web\2.2.1.RELEASE\spring-boot-starter-web-2.2.1.RELEASE.jar;E:\ideamaven\org\springframework\boot\spring-boot-starter-json\2.2.1.RELEASE\spring-boot-starter-json-2.2.1.RELEASE.jar;E:\ideamaven\com\fasterxml\jackson\core\jackson-databind\2.10.0\jackson-databind-2.10.0.jar;E:\ideamaven\com\fasterxml\jackson\core\jackson-annotations\2.10.0\jackson-annotations-2.10.0.jar;E:\ideamaven\com\fasterxml\jackson\core\jackson-core\2.10.0\jackson-core-2.10.0.jar;E:\ideamaven\com\fasterxml\jackson\datatype\jackson-datatype-jdk8\2.10.0\jackson-datatype-jdk8-2.10.0.jar;E:\ideamaven\com\fasterxml\jackson\datatype\jackson-datatype-jsr310\2.10.0\jackson-datatype-jsr310-2.10.0.jar;E:\ideamaven\com\fasterxml\jackson\module\jackson-module-parameter-names\2.10.0\jackson-module-parameter-names-2.10.0.jar;E:\ideamaven\org\springframework\boot\spring-boot-starter-validation\2.2.1.RELEASE\spring-boot-starter-validation-2.2.1.RELEASE.jar;E:\ideamaven\jakarta\validation\jakarta.validation-api\2.0.1\jakarta.validation-api-2.0.1.jar;E:\ideamaven\org\hibernate\validator\hibernate-validator\6.0.18.Final\hibernate-validator-6.0.18.Final.jar;E:\ideamaven\org\springframework\spring-web\5.2.1.RELEASE\spring-web-5.2.1.RELEASE.jar;E:\ideamaven\org\springframework\spring-webmvc\5.2.1.RELEASE\spring-webmvc-5.2.1.RELEASE.jar;E:\ideamaven\org\springframework\spring-expression\5.2.1.RELEASE\spring-expression-5.2.1.RELEASE.jar;E:\ideamaven\org\springframework\boot\spring-boot-starter-thymeleaf\2.2.1.RELEASE\spring-boot-starter-thymeleaf-2.2.1.RELEASE.jar;E:\ideamaven\org\thymeleaf\thymeleaf-spring5\3.0.11.RELEASE\thymeleaf-spring5-3.0.11.RELEASE.jar;E:\ideamaven\org\thymeleaf\thymeleaf\3.0.11.RELEASE\thymeleaf-3.0.11.RELEASE.jar;E:\ideamaven\org\attoparser\attoparser\2.0.5.RELEASE\attoparser-2.0.5.RELEASE.jar;E:\ideamaven\org\unbescape\unbescape\1.1.6.RELEASE\unbescape-1.1.6.RELEASE.jar;E:\ideamaven\org\thymeleaf\extras\thymeleaf-extras-java8time\3.0.4.RELEASE\thymeleaf-extras-java8time-3.0.4.RELEASE.jar;E:\ideamaven\mysql\mysql-connector-java\5.1.48\mysql-connector-java-5.1.48.jar;E:\ideamaven\com\github\pagehelper\pagehelper\5.1.10\pagehelper-5.1.10.jar;E:\ideamaven\com\github\jsqlparser\jsqlparser\2.0\jsqlparser-2.0.jar;E:\ideamaven\com\alibaba\druid\1.1.21\druid-1.1.21.jar;E:\ideamaven\org\springframework\boot\spring-boot-starter-aop\2.2.1.RELEASE\spring-boot-starter-aop-2.2.1.RELEASE.jar;E:\ideamaven\org\springframework\spring-aop\5.2.1.RELEASE\spring-aop-5.2.1.RELEASE.jar;E:\ideamaven\org\aspectj\aspectjweaver\1.9.4\aspectjweaver-1.9.4.jar;E:\ideamaven\com\gitee\qdbp\thirdparty\ueditor\1.4.3.3\ueditor-1.4.3.3.jar;E:\ideamaven\com\alibaba\fastjson\1.2.47\fastjson-1.2.47.jar;E:\ideamaven\commons-codec\commons-codec\1.13\commons-codec-1.13.jar;E:\ideamaven\commons-fileupload\commons-fileupload\1.3.1\commons-fileupload-1.3.1.jar;E:\ideamaven\commons-io\commons-io\2.2\commons-io-2.2.jar;E:\ideamaven\org\springframework\boot\spring-boot-starter-test\2.2.1.RELEASE\spring-boot-starter-test-2.2.1.RELEASE.jar;E:\ideamaven\org\springframework\boot\spring-boot-test\2.2.1.RELEASE\spring-boot-test-2.2.1.RELEASE.jar;E:\ideamaven\org\springframework\boot\spring-boot-test-autoconfigure\2.2.1.RELEASE\spring-boot-test-autoconfigure-2.2.1.RELEASE.jar;E:\ideamaven\com\jayway\jsonpath\json-path\2.4.0\json-path-2.4.0.jar;E:\ideamaven\net\minidev\json-smart\2.3\json-smart-2.3.jar;E:\ideamaven\net\minidev\accessors-smart\1.2\accessors-smart-1.2.jar;E:\ideamaven\org\ow2\asm\asm\5.0.4\asm-5.0.4.jar;E:\ideamaven\jakarta\xml\bind\jakarta.xml.bind-api\2.3.2\jakarta.xml.bind-api-2.3.2.jar;E:\ideamaven\org\junit\jupiter\junit-jupiter\5.5.2\junit-jupiter-5.5.2.jar;E:\ideamaven\org\junit\jupiter\junit-jupiter-api\5.5.2\junit-jupiter-api-5.5.2.jar;E:\ideamaven\org\apiguardian\apiguardian-api\1.1.0\apiguardian-api-1.1.0.jar;E:\ideamaven\org\opentest4j\opentest4j\1.2.0\opentest4j-1.2.0.jar;E:\ideamaven\org\junit\platform\junit-platform-commons\1.5.2\junit-platform-commons-1.5.2.jar;E:\ideamaven\org\junit\jupiter\junit-jupiter-params\5.5.2\junit-jupiter-params-5.5.2.jar;E:\ideamaven\org\junit\jupiter\junit-jupiter-engine\5.5.2\junit-jupiter-engine-5.5.2.jar;E:\ideamaven\org\junit\platform\junit-platform-engine\1.5.2\junit-platform-engine-1.5.2.jar;E:\ideamaven\org\mockito\mockito-junit-jupiter\3.1.0\mockito-junit-jupiter-3.1.0.jar;E:\ideamaven\org\assertj\assertj-core\3.13.2\assertj-core-3.13.2.jar;E:\ideamaven\org\hamcrest\hamcrest\2.1\hamcrest-2.1.jar;E:\ideamaven\org\mockito\mockito-core\3.1.0\mockito-core-3.1.0.jar;E:\ideamaven\net\bytebuddy\byte-buddy-agent\1.10.2\byte-buddy-agent-1.10.2.jar;E:\ideamaven\org\objenesis\objenesis\2.6\objenesis-2.6.jar;E:\ideamaven\org\skyscreamer\jsonassert\1.5.0\jsonassert-1.5.0.jar;E:\ideamaven\com\vaadin\external\google\android-json\0.0.20131108.vaadin1\android-json-0.0.20131108.vaadin1.jar;E:\ideamaven\org\springframework\spring-core\5.2.1.RELEASE\spring-core-5.2.1.RELEASE.jar;E:\ideamaven\org\springframework\spring-jcl\5.2.1.RELEASE\spring-jcl-5.2.1.RELEASE.jar;E:\ideamaven\org\springframework\spring-test\5.2.1.RELEASE\spring-test-5.2.1.RELEASE.jar;E:\ideamaven\org\xmlunit\xmlunit-core\2.6.3\xmlunit-core-2.6.3.jar;"/>
    <property name="java.vm.vendor" value="Oracle Corporation"/>
    <property name="sun.arch.data.model" value="64"/>
    <property name="user.variant" value=""/>
    <property name="java.vendor.url" value="http://java.oracle.com/"/>
    <property name="user.timezone" value="GMT+08:00"/>
    <property name="java.vm.specification.version" value="1.8"/>
    <property name="os.name" value="Windows 8.1"/>
    <property name="user.country" value="CN"/>
    <property name="sun.java.launcher" value="SUN_STANDARD"/>
    <property name="sun.boot.library.path" value="E:\java\jdk\jre\bin"/>
    <property name="sun.java.command" value="C:\Users\HP\AppData\Local\Temp\surefire8928037649651791327\surefirebooter2440019872190191810.jar C:\Users\HP\AppData\Local\Temp\surefire8928037649651791327 2020-01-04T17-44-43_982-jvmRun1 surefire6950061121659288433tmp surefire_05341720226787112013tmp"/>
    <property name="surefire.test.class.path" value="E:\IDEA 2017.2.5\springbootdemo\target\test-classes;E:\IDEA 2017.2.5\springbootdemo\target\classes;E:\ideamaven\org\springframework\boot\spring-boot-starter-tomcat\2.2.1.RELEASE\spring-boot-starter-tomcat-2.2.1.RELEASE.jar;E:\ideamaven\jakarta\annotation\jakarta.annotation-api\1.3.5\jakarta.annotation-api-1.3.5.jar;E:\ideamaven\org\apache\tomcat\embed\tomcat-embed-core\9.0.27\tomcat-embed-core-9.0.27.jar;E:\ideamaven\org\apache\tomcat\embed\tomcat-embed-el\9.0.27\tomcat-embed-el-9.0.27.jar;E:\ideamaven\org\apache\tomcat\embed\tomcat-embed-websocket\9.0.27\tomcat-embed-websocket-9.0.27.jar;E:\ideamaven\org\springframework\boot\spring-boot-starter-data-jpa\2.2.1.RELEASE\spring-boot-starter-data-jpa-2.2.1.RELEASE.jar;E:\ideamaven\org\springframework\boot\spring-boot-starter-jdbc\2.2.1.RELEASE\spring-boot-starter-jdbc-2.2.1.RELEASE.jar;E:\ideamaven\com\zaxxer\HikariCP\3.4.1\HikariCP-3.4.1.jar;E:\ideamaven\org\springframework\spring-jdbc\5.2.1.RELEASE\spring-jdbc-5.2.1.RELEASE.jar;E:\ideamaven\jakarta\activation\jakarta.activation-api\1.2.1\jakarta.activation-api-1.2.1.jar;E:\ideamaven\jakarta\persistence\jakarta.persistence-api\2.2.3\jakarta.persistence-api-2.2.3.jar;E:\ideamaven\jakarta\transaction\jakarta.transaction-api\1.3.3\jakarta.transaction-api-1.3.3.jar;E:\ideamaven\org\hibernate\hibernate-core\5.4.8.Final\hibernate-core-5.4.8.Final.jar;E:\ideamaven\org\jboss\logging\jboss-logging\3.4.1.Final\jboss-logging-3.4.1.Final.jar;E:\ideamaven\org\javassist\javassist\3.24.0-GA\javassist-3.24.0-GA.jar;E:\ideamaven\net\bytebuddy\byte-buddy\1.10.2\byte-buddy-1.10.2.jar;E:\ideamaven\antlr\antlr\2.7.7\antlr-2.7.7.jar;E:\ideamaven\org\jboss\jandex\2.0.5.Final\jandex-2.0.5.Final.jar;E:\ideamaven\com\fasterxml\classmate\1.5.1\classmate-1.5.1.jar;E:\ideamaven\org\dom4j\dom4j\2.1.1\dom4j-2.1.1.jar;E:\ideamaven\org\hibernate\common\hibernate-commons-annotations\5.1.0.Final\hibernate-commons-annotations-5.1.0.Final.jar;E:\ideamaven\org\glassfish\jaxb\jaxb-runtime\2.3.2\jaxb-runtime-2.3.2.jar;E:\ideamaven\org\glassfish\jaxb\txw2\2.3.2\txw2-2.3.2.jar;E:\ideamaven\com\sun\istack\istack-commons-runtime\3.0.8\istack-commons-runtime-3.0.8.jar;E:\ideamaven\org\jvnet\staxex\stax-ex\1.8.1\stax-ex-1.8.1.jar;E:\ideamaven\com\sun\xml\fastinfoset\FastInfoset\1.2.16\FastInfoset-1.2.16.jar;E:\ideamaven\org\springframework\data\spring-data-jpa\2.2.1.RELEASE\spring-data-jpa-2.2.1.RELEASE.jar;E:\ideamaven\org\springframework\data\spring-data-commons\2.2.1.RELEASE\spring-data-commons-2.2.1.RELEASE.jar;E:\ideamaven\org\springframework\spring-orm\5.2.1.RELEASE\spring-orm-5.2.1.RELEASE.jar;E:\ideamaven\org\springframework\spring-context\5.2.1.RELEASE\spring-context-5.2.1.RELEASE.jar;E:\ideamaven\org\springframework\spring-tx\5.2.1.RELEASE\spring-tx-5.2.1.RELEASE.jar;E:\ideamaven\org\springframework\spring-beans\5.2.1.RELEASE\spring-beans-5.2.1.RELEASE.jar;E:\ideamaven\org\slf4j\slf4j-api\1.7.29\slf4j-api-1.7.29.jar;E:\ideamaven\org\springframework\spring-aspects\5.2.1.RELEASE\spring-aspects-5.2.1.RELEASE.jar;E:\ideamaven\org\springframework\boot\spring-boot-starter-data-redis\2.2.1.RELEASE\spring-boot-starter-data-redis-2.2.1.RELEASE.jar;E:\ideamaven\org\springframework\boot\spring-boot-starter\2.2.1.RELEASE\spring-boot-starter-2.2.1.RELEASE.jar;E:\ideamaven\org\springframework\boot\spring-boot\2.2.1.RELEASE\spring-boot-2.2.1.RELEASE.jar;E:\ideamaven\org\springframework\boot\spring-boot-autoconfigure\2.2.1.RELEASE\spring-boot-autoconfigure-2.2.1.RELEASE.jar;E:\ideamaven\org\springframework\boot\spring-boot-starter-logging\2.2.1.RELEASE\spring-boot-starter-logging-2.2.1.RELEASE.jar;E:\ideamaven\ch\qos\logback\logback-classic\1.2.3\logback-classic-1.2.3.jar;E:\ideamaven\ch\qos\logback\logback-core\1.2.3\logback-core-1.2.3.jar;E:\ideamaven\org\apache\logging\log4j\log4j-to-slf4j\2.12.1\log4j-to-slf4j-2.12.1.jar;E:\ideamaven\org\apache\logging\log4j\log4j-api\2.12.1\log4j-api-2.12.1.jar;E:\ideamaven\org\slf4j\jul-to-slf4j\1.7.29\jul-to-slf4j-1.7.29.jar;E:\ideamaven\org\yaml\snakeyaml\1.25\snakeyaml-1.25.jar;E:\ideamaven\org\springframework\data\spring-data-redis\2.2.1.RELEASE\spring-data-redis-2.2.1.RELEASE.jar;E:\ideamaven\org\springframework\data\spring-data-keyvalue\2.2.1.RELEASE\spring-data-keyvalue-2.2.1.RELEASE.jar;E:\ideamaven\org\springframework\spring-oxm\5.2.1.RELEASE\spring-oxm-5.2.1.RELEASE.jar;E:\ideamaven\org\springframework\spring-context-support\5.2.1.RELEASE\spring-context-support-5.2.1.RELEASE.jar;E:\ideamaven\io\lettuce\lettuce-core\5.2.1.RELEASE\lettuce-core-5.2.1.RELEASE.jar;E:\ideamaven\io\netty\netty-common\4.1.43.Final\netty-common-4.1.43.Final.jar;E:\ideamaven\io\netty\netty-handler\4.1.43.Final\netty-handler-4.1.43.Final.jar;E:\ideamaven\io\netty\netty-buffer\4.1.43.Final\netty-buffer-4.1.43.Final.jar;E:\ideamaven\io\netty\netty-codec\4.1.43.Final\netty-codec-4.1.43.Final.jar;E:\ideamaven\io\netty\netty-transport\4.1.43.Final\netty-transport-4.1.43.Final.jar;E:\ideamaven\io\netty\netty-resolver\4.1.43.Final\netty-resolver-4.1.43.Final.jar;E:\ideamaven\io\projectreactor\reactor-core\3.3.0.RELEASE\reactor-core-3.3.0.RELEASE.jar;E:\ideamaven\org\reactivestreams\reactive-streams\1.0.3\reactive-streams-1.0.3.jar;E:\ideamaven\org\springframework\boot\spring-boot-starter-web\2.2.1.RELEASE\spring-boot-starter-web-2.2.1.RELEASE.jar;E:\ideamaven\org\springframework\boot\spring-boot-starter-json\2.2.1.RELEASE\spring-boot-starter-json-2.2.1.RELEASE.jar;E:\ideamaven\com\fasterxml\jackson\core\jackson-databind\2.10.0\jackson-databind-2.10.0.jar;E:\ideamaven\com\fasterxml\jackson\core\jackson-annotations\2.10.0\jackson-annotations-2.10.0.jar;E:\ideamaven\com\fasterxml\jackson\core\jackson-core\2.10.0\jackson-core-2.10.0.jar;E:\ideamaven\com\fasterxml\jackson\datatype\jackson-datatype-jdk8\2.10.0\jackson-datatype-jdk8-2.10.0.jar;E:\ideamaven\com\fasterxml\jackson\datatype\jackson-datatype-jsr310\2.10.0\jackson-datatype-jsr310-2.10.0.jar;E:\ideamaven\com\fasterxml\jackson\module\jackson-module-parameter-names\2.10.0\jackson-module-parameter-names-2.10.0.jar;E:\ideamaven\org\springframework\boot\spring-boot-starter-validation\2.2.1.RELEASE\spring-boot-starter-validation-2.2.1.RELEASE.jar;E:\ideamaven\jakarta\validation\jakarta.validation-api\2.0.1\jakarta.validation-api-2.0.1.jar;E:\ideamaven\org\hibernate\validator\hibernate-validator\6.0.18.Final\hibernate-validator-6.0.18.Final.jar;E:\ideamaven\org\springframework\spring-web\5.2.1.RELEASE\spring-web-5.2.1.RELEASE.jar;E:\ideamaven\org\springframework\spring-webmvc\5.2.1.RELEASE\spring-webmvc-5.2.1.RELEASE.jar;E:\ideamaven\org\springframework\spring-expression\5.2.1.RELEASE\spring-expression-5.2.1.RELEASE.jar;E:\ideamaven\org\springframework\boot\spring-boot-starter-thymeleaf\2.2.1.RELEASE\spring-boot-starter-thymeleaf-2.2.1.RELEASE.jar;E:\ideamaven\org\thymeleaf\thymeleaf-spring5\3.0.11.RELEASE\thymeleaf-spring5-3.0.11.RELEASE.jar;E:\ideamaven\org\thymeleaf\thymeleaf\3.0.11.RELEASE\thymeleaf-3.0.11.RELEASE.jar;E:\ideamaven\org\attoparser\attoparser\2.0.5.RELEASE\attoparser-2.0.5.RELEASE.jar;E:\ideamaven\org\unbescape\unbescape\1.1.6.RELEASE\unbescape-1.1.6.RELEASE.jar;E:\ideamaven\org\thymeleaf\extras\thymeleaf-extras-java8time\3.0.4.RELEASE\thymeleaf-extras-java8time-3.0.4.RELEASE.jar;E:\ideamaven\mysql\mysql-connector-java\5.1.48\mysql-connector-java-5.1.48.jar;E:\ideamaven\com\github\pagehelper\pagehelper\5.1.10\pagehelper-5.1.10.jar;E:\ideamaven\com\github\jsqlparser\jsqlparser\2.0\jsqlparser-2.0.jar;E:\ideamaven\com\alibaba\druid\1.1.21\druid-1.1.21.jar;E:\ideamaven\org\springframework\boot\spring-boot-starter-aop\2.2.1.RELEASE\spring-boot-starter-aop-2.2.1.RELEASE.jar;E:\ideamaven\org\springframework\spring-aop\5.2.1.RELEASE\spring-aop-5.2.1.RELEASE.jar;E:\ideamaven\org\aspectj\aspectjweaver\1.9.4\aspectjweaver-1.9.4.jar;E:\ideamaven\com\gitee\qdbp\thirdparty\ueditor\1.4.3.3\ueditor-1.4.3.3.jar;E:\ideamaven\com\alibaba\fastjson\1.2.47\fastjson-1.2.47.jar;E:\ideamaven\commons-codec\commons-codec\1.13\commons-codec-1.13.jar;E:\ideamaven\commons-fileupload\commons-fileupload\1.3.1\commons-fileupload-1.3.1.jar;E:\ideamaven\commons-io\commons-io\2.2\commons-io-2.2.jar;E:\ideamaven\org\springframework\boot\spring-boot-starter-test\2.2.1.RELEASE\spring-boot-starter-test-2.2.1.RELEASE.jar;E:\ideamaven\org\springframework\boot\spring-boot-test\2.2.1.RELEASE\spring-boot-test-2.2.1.RELEASE.jar;E:\ideamaven\org\springframework\boot\spring-boot-test-autoconfigure\2.2.1.RELEASE\spring-boot-test-autoconfigure-2.2.1.RELEASE.jar;E:\ideamaven\com\jayway\jsonpath\json-path\2.4.0\json-path-2.4.0.jar;E:\ideamaven\net\minidev\json-smart\2.3\json-smart-2.3.jar;E:\ideamaven\net\minidev\accessors-smart\1.2\accessors-smart-1.2.jar;E:\ideamaven\org\ow2\asm\asm\5.0.4\asm-5.0.4.jar;E:\ideamaven\jakarta\xml\bind\jakarta.xml.bind-api\2.3.2\jakarta.xml.bind-api-2.3.2.jar;E:\ideamaven\org\junit\jupiter\junit-jupiter\5.5.2\junit-jupiter-5.5.2.jar;E:\ideamaven\org\junit\jupiter\junit-jupiter-api\5.5.2\junit-jupiter-api-5.5.2.jar;E:\ideamaven\org\apiguardian\apiguardian-api\1.1.0\apiguardian-api-1.1.0.jar;E:\ideamaven\org\opentest4j\opentest4j\1.2.0\opentest4j-1.2.0.jar;E:\ideamaven\org\junit\platform\junit-platform-commons\1.5.2\junit-platform-commons-1.5.2.jar;E:\ideamaven\org\junit\jupiter\junit-jupiter-params\5.5.2\junit-jupiter-params-5.5.2.jar;E:\ideamaven\org\junit\jupiter\junit-jupiter-engine\5.5.2\junit-jupiter-engine-5.5.2.jar;E:\ideamaven\org\junit\platform\junit-platform-engine\1.5.2\junit-platform-engine-1.5.2.jar;E:\ideamaven\org\mockito\mockito-junit-jupiter\3.1.0\mockito-junit-jupiter-3.1.0.jar;E:\ideamaven\org\assertj\assertj-core\3.13.2\assertj-core-3.13.2.jar;E:\ideamaven\org\hamcrest\hamcrest\2.1\hamcrest-2.1.jar;E:\ideamaven\org\mockito\mockito-core\3.1.0\mockito-core-3.1.0.jar;E:\ideamaven\net\bytebuddy\byte-buddy-agent\1.10.2\byte-buddy-agent-1.10.2.jar;E:\ideamaven\org\objenesis\objenesis\2.6\objenesis-2.6.jar;E:\ideamaven\org\skyscreamer\jsonassert\1.5.0\jsonassert-1.5.0.jar;E:\ideamaven\com\vaadin\external\google\android-json\0.0.20131108.vaadin1\android-json-0.0.20131108.vaadin1.jar;E:\ideamaven\org\springframework\spring-core\5.2.1.RELEASE\spring-core-5.2.1.RELEASE.jar;E:\ideamaven\org\springframework\spring-jcl\5.2.1.RELEASE\spring-jcl-5.2.1.RELEASE.jar;E:\ideamaven\org\springframework\spring-test\5.2.1.RELEASE\spring-test-5.2.1.RELEASE.jar;E:\ideamaven\org\xmlunit\xmlunit-core\2.6.3\xmlunit-core-2.6.3.jar;"/>
    <property name="sun.cpu.endian" value="little"/>
    <property name="user.home" value="C:\Users\HP"/>
    <property name="user.language" value="zh"/>
    <property name="java.specification.vendor" value="Oracle Corporation"/>
    <property name="java.home" value="E:\java\jdk\jre"/>
    <property name="basedir" value="E:\IDEA 2017.2.5\springbootdemo"/>
    <property name="file.separator" value="\"/>
    <property name="line.separator" value="&#10;"/>
    <property name="java.vm.specification.vendor" value="Oracle Corporation"/>
    <property name="java.specification.name" value="Java Platform API Specification"/>
    <property name="java.awt.graphicsenv" value="sun.awt.Win32GraphicsEnvironment"/>
    <property name="surefire.real.class.path" value="C:\Users\HP\AppData\Local\Temp\surefire8928037649651791327\surefirebooter2440019872190191810.jar"/>
    <property name="sun.boot.class.path" value="E:\java\jdk\jre\lib\resources.jar;E:\java\jdk\jre\lib\rt.jar;E:\java\jdk\jre\lib\sunrsasign.jar;E:\java\jdk\jre\lib\jsse.jar;E:\java\jdk\jre\lib\jce.jar;E:\java\jdk\jre\lib\charsets.jar;E:\java\jdk\jre\lib\jfr.jar;E:\java\jdk\jre\classes"/>
    <property name="user.script" value=""/>
    <property name="sun.management.compiler" value="HotSpot 64-Bit Tiered Compilers"/>
    <property name="java.runtime.version" value="1.8.0_40-b25"/>
    <property name="user.name" value="建辉哥哥"/>
    <property name="path.separator" value=";"/>
    <property name="os.version" value="6.3"/>
    <property name="java.endorsed.dirs" value="E:\java\jdk\jre\lib\endorsed"/>
    <property name="java.runtime.name" value="Java(TM) SE Runtime Environment"/>
    <property name="file.encoding" value="GBK"/>
    <property name="java.vm.name" value="Java HotSpot(TM) 64-Bit Server VM"/>
    <property name="localRepository" value="E:\ideamaven"/>
    <property name="java.vendor.url.bug" value="http://bugreport.sun.com/bugreport/"/>
    <property name="java.io.tmpdir" value="C:\Users\HP\AppData\Local\Temp\"/>
    <property name="idea.version" value="2017.2.7"/>
    <property name="java.version" value="1.8.0_40"/>
    <property name="user.dir" value="E:\IDEA 2017.2.5\springbootdemo"/>
    <property name="os.arch" value="amd64"/>
    <property name="java.vm.specification.name" value="Java Virtual Machine Specification"/>
    <property name="java.awt.printerjob" value="sun.awt.windows.WPrinterJob"/>
    <property name="sun.os.patch.level" value=""/>
    <property name="java.library.path" value="E:\java\jdk\jre\bin;C:\WINDOWS\Sun\Java\bin;C:\WINDOWS\system32;C:\WINDOWS;E:\app\Administrator\product\11.2.0\dbhome_1\bin;C:\ProgramData\Oracle\Java\javapath;E:\java\bin;&quot;E:\java\bin;C:\Program Files (x86)\Intel\iCLS Client\&quot;;C:\Program Files\Intel\iCLS Client\;C:\windows\system32;C:\windows;C:\windows\System32\Wbem;C:\windows\System32\WindowsPowerShell\v1.0\;C:\Program Files (x86)\NVIDIA Corporation\PhysX\Common;C:\Program Files (x86)\Intel\Intel(R) Management Engine Components\DAL;C:\Program Files\Intel\Intel(R) Management Engine Components\DAL;C:\Program Files (x86)\Intel\Intel(R) Management Engine Components\IPT;C:\Program Files\Intel\Intel(R) Management Engine Components\IPT;C:\Program Files\Microsoft SQL Server\Client SDK\ODBC\110\Tools\Binn\;C:\Program Files (x86)\Microsoft SQL Server\120\Tools\Binn\;C:\Program Files\Microsoft SQL Server\120\Tools\Binn\;C:\Program Files\Microsoft SQL Server\120\DTS\Binn\;C:\Program Files (x86)\Windows Kits\8.1\Windows Performance Toolkit\;C:\WINDOWS\system32;C:\WINDOWS;C:\WINDOWS\System32\Wbem;C:\WINDOWS\System32\WindowsPowerShell\v1.0\;C:\WINDOWS\System32\OpenSSH\;C:\Program Files\Intel\WiFi\bin\;C:\Program Files\Common Files\Intel\WirelessCommon\;C:\Program Files\TortoiseSVN\bin;E:\maven\apache-maven-3.5.2\bin;C:\Program Files (x86)\Microsoft SQL Server\100\Tools\Binn\;C:\Program Files\Microsoft SQL Server\100\Tools\Binn\;C:\Program Files\Microsoft SQL Server\100\DTS\Binn\;C:\Program Files\Git\cmd;C:\Program Files\TortoiseGit\bin;D:\mysql-5.7.28-winx64\bin;D:\putty\;D:\putty1\;C:\Users\HP\AppData\Local\Microsoft\WindowsApps;D:\nodejs\node_global;;."/>
    <property name="java.vm.info" value="mixed mode"/>
    <property name="java.vendor" value="Oracle Corporation"/>
    <property name="java.vm.version" value="25.40-b25"/>
    <property name="java.ext.dirs" value="E:\java\jdk\jre\lib\ext;C:\WINDOWS\Sun\Java\lib\ext"/>
    <property name="sun.io.unicode.encoding" value="UnicodeLittle"/>
    <property name="maven.repo.local" value="E:\ideamaven"/>
    <property name="java.class.version" value="52.0"/>
  </properties>
  <testcase name="contextLoads" classname="com.gjh.SpringbootdemoApplicationTests" time="0.194"/>
</testsuite>